[     216ms] [WARNING] The 'ariaLabel' prop on 'PopoverProvider' will become mandatory in Storybook 11. Provide a concise, accessible label describing the popover's purpose. @ http://localhost:6007/sb-manager/globals-runtime.js:5798
[     263ms] [WARNING] The 'ariaLabel' prop on 'Button' will become mandatory in Storybook 11. Buttons with text content should set 'ariaLabel={false}' to indicate that they are accessible as-is. Buttons without text content must provide a meaningful 'ariaLabel' for accessibility. The button content is: Share. @ http://localhost:6007/sb-manager/globals-runtime.js:5798
[     640ms] [VERBOSE] Rendering was performed in a subtree hidden by content-visibility. @ http://localhost:6007/sb-manager/runtime.js:12887
[     641ms] [VERBOSE] Rendering was performed in a subtree hidden by content-visibility. @ http://localhost:6007/sb-manager/runtime.js:12887
[     855ms] Identifier 'RefreshRuntime' has already been declared
[     912ms] [VERBOSE] Rendering was performed in a subtree hidden by content-visibility. @ http://localhost:6007/sb-manager/runtime.js:12887
[     912ms] [VERBOSE] Rendering was performed in a subtree hidden by content-visibility. @ http://localhost:6007/sb-manager/runtime.js:12887
[    1448ms] [VERBOSE] Rendering was performed in a subtree hidden by content-visibility. @ http://localhost:6007/sb-manager/runtime.js:12887
[    1448ms] [VERBOSE] Rendering was performed in a subtree hidden by content-visibility. @ http://localhost:6007/sb-manager/runtime.js:12887
[    1449ms] [VERBOSE] Rendering was performed in a subtree hidden by content-visibility. @ http://localhost:6007/sb-manager/runtime.js:12887
[    1449ms] [VERBOSE] Rendering was performed in a subtree hidden by content-visibility. @ http://localhost:6007/sb-manager/runtime.js:12887
[    1630ms] [VERBOSE] Rendering was performed in a subtree hidden by content-visibility. @ http://localhost:6007/sb-manager/runtime.js:12887
[    1630ms] [VERBOSE] Rendering was performed in a subtree hidden by content-visibility. @ http://localhost:6007/sb-manager/runtime.js:12887
[    2134ms] [VERBOSE] Rendering was performed in a subtree hidden by content-visibility. @ http://localhost:6007/sb-manager/runtime.js:12887
[    2134ms] [VERBOSE] Rendering was performed in a subtree hidden by content-visibility. @ http://localhost:6007/sb-manager/runtime.js:12887
[    3138ms] [VERBOSE] Rendering was performed in a subtree hidden by content-visibility. @ http://localhost:6007/sb-manager/runtime.js:12887
[    3138ms] [VERBOSE] Rendering was performed in a subtree hidden by content-visibility. @ http://localhost:6007/sb-manager/runtime.js:12887
[   13681ms] [VERBOSE] Rendering was performed in a subtree hidden by content-visibility. @ :3190
[   13682ms] [VERBOSE] Rendering was performed in a subtree hidden by content-visibility. @ :3190
[   13682ms] [VERBOSE] Rendering was performed in a subtree hidden by content-visibility. @ :3190
