[      84ms] [WARNING] The 'ariaLabel' prop on 'PopoverProvider' will become mandatory in Storybook 11. Provide a concise, accessible label describing the popover's purpose. @ http://localhost:6007/sb-manager/globals-runtime.js:5798
[     153ms] [WARNING] The 'ariaLabel' prop on 'Button' will become mandatory in Storybook 11. Buttons with text content should set 'ariaLabel={false}' to indicate that they are accessible as-is. Buttons without text content must provide a meaningful 'ariaLabel' for accessibility. The button content is: Share. @ http://localhost:6007/sb-manager/globals-runtime.js:5798
[     190ms] [VERBOSE] Rendering was performed in a subtree hidden by content-visibility. @ http://localhost:6007/sb-manager/runtime.js:12887
[     191ms] [VERBOSE] Rendering was performed in a subtree hidden by content-visibility. @ http://localhost:6007/sb-manager/runtime.js:12887
[     274ms] Identifier 'RefreshRuntime' has already been declared
[     685ms] [VERBOSE] Rendering was performed in a subtree hidden by content-visibility. @ http://localhost:6007/sb-manager/runtime.js:12887
[     685ms] [VERBOSE] Rendering was performed in a subtree hidden by content-visibility. @ http://localhost:6007/sb-manager/runtime.js:12887
[     720ms] [VERBOSE] Rendering was performed in a subtree hidden by content-visibility. @ http://localhost:6007/sb-manager/runtime.js:12887
[     721ms] [VERBOSE] Rendering was performed in a subtree hidden by content-visibility. @ http://localhost:6007/sb-manager/runtime.js:12887
[     734ms] [VERBOSE] Rendering was performed in a subtree hidden by content-visibility. @ http://localhost:6007/sb-manager/runtime.js:12887
[     734ms] [VERBOSE] Rendering was performed in a subtree hidden by content-visibility. @ http://localhost:6007/sb-manager/runtime.js:12887
[    1172ms] [VERBOSE] Rendering was performed in a subtree hidden by content-visibility. @ http://localhost:6007/sb-manager/runtime.js:12887
[    1172ms] [VERBOSE] Rendering was performed in a subtree hidden by content-visibility. @ http://localhost:6007/sb-manager/runtime.js:12887
[    1676ms] [VERBOSE] Rendering was performed in a subtree hidden by content-visibility. @ http://localhost:6007/sb-manager/runtime.js:12887
[    1676ms] [VERBOSE] Rendering was performed in a subtree hidden by content-visibility. @ http://localhost:6007/sb-manager/runtime.js:12887
[    2679ms] [VERBOSE] Rendering was performed in a subtree hidden by content-visibility. @ http://localhost:6007/sb-manager/runtime.js:12887
[    2679ms] [VERBOSE] Rendering was performed in a subtree hidden by content-visibility. @ http://localhost:6007/sb-manager/runtime.js:12887
[   20209ms] [VERBOSE] Rendering was performed in a subtree hidden by content-visibility. @ :3190
[   20209ms] [VERBOSE] Rendering was performed in a subtree hidden by content-visibility. @ :3190
[   20209ms] [VERBOSE] Rendering was performed in a subtree hidden by content-visibility. @ :3190
