[      96ms] [WARNING] The 'ariaLabel' prop on 'PopoverProvider' will become mandatory in Storybook 11. Provide a concise, accessible label describing the popover's purpose. @ http://localhost:6007/sb-manager/globals-runtime.js:5798
[     170ms] [WARNING] The 'ariaLabel' prop on 'Button' will become mandatory in Storybook 11. Buttons with text content should set 'ariaLabel={false}' to indicate that they are accessible as-is. Buttons without text content must provide a meaningful 'ariaLabel' for accessibility. The button content is: Share. @ http://localhost:6007/sb-manager/globals-runtime.js:5798
[     240ms] [VERBOSE] Rendering was performed in a subtree hidden by content-visibility. @ http://localhost:6007/sb-manager/runtime.js:12887
[     243ms] [VERBOSE] Rendering was performed in a subtree hidden by content-visibility. @ http://localhost:6007/sb-manager/runtime.js:12887
[     258ms] [VERBOSE] Rendering was performed in a subtree hidden by content-visibility. @ http://localhost:6007/sb-manager/runtime.js:12887
[     258ms] [VERBOSE] Rendering was performed in a subtree hidden by content-visibility. @ http://localhost:6007/sb-manager/runtime.js:12887
[     317ms] [VERBOSE] Rendering was performed in a subtree hidden by content-visibility. @ http://localhost:6007/sb-manager/runtime.js:12887
[     362ms] Identifier 'RefreshRuntime' has already been declared
[     679ms] [VERBOSE] Rendering was performed in a subtree hidden by content-visibility. @ http://localhost:6007/sb-manager/runtime.js:12887
[     679ms] [VERBOSE] Rendering was performed in a subtree hidden by content-visibility. @ http://localhost:6007/sb-manager/runtime.js:12887
[     725ms] [VERBOSE] Rendering was performed in a subtree hidden by content-visibility. @ http://localhost:6007/sb-manager/runtime.js:12887
[     726ms] [VERBOSE] Rendering was performed in a subtree hidden by content-visibility. @ http://localhost:6007/sb-manager/runtime.js:12887
[     743ms] [VERBOSE] Rendering was performed in a subtree hidden by content-visibility. @ http://localhost:6007/sb-manager/runtime.js:12887
[     743ms] [VERBOSE] Rendering was performed in a subtree hidden by content-visibility. @ http://localhost:6007/sb-manager/runtime.js:12887
[    1188ms] [VERBOSE] Rendering was performed in a subtree hidden by content-visibility. @ http://localhost:6007/sb-manager/runtime.js:12887
[    1188ms] [VERBOSE] Rendering was performed in a subtree hidden by content-visibility. @ http://localhost:6007/sb-manager/runtime.js:12887
[    1692ms] [VERBOSE] Rendering was performed in a subtree hidden by content-visibility. @ http://localhost:6007/sb-manager/runtime.js:12887
[    1692ms] [VERBOSE] Rendering was performed in a subtree hidden by content-visibility. @ http://localhost:6007/sb-manager/runtime.js:12887
[    2695ms] [VERBOSE] Rendering was performed in a subtree hidden by content-visibility. @ http://localhost:6007/sb-manager/runtime.js:12887
[    2695ms] [VERBOSE] Rendering was performed in a subtree hidden by content-visibility. @ http://localhost:6007/sb-manager/runtime.js:12887
[    5102ms] [VERBOSE] Rendering was performed in a subtree hidden by content-visibility. @ :3190
[    5103ms] [VERBOSE] Rendering was performed in a subtree hidden by content-visibility. @ :3190
[   23481ms] [VERBOSE] Rendering was performed in a subtree hidden by content-visibility. @ :3190
[   44913ms] [LOG] [vite] server connection lost. Polling for restart... @ http://localhost:6007/@vite/client:992
[   44917ms] [VERBOSE] Rendering was performed in a subtree hidden by content-visibility. @ http://localhost:6007/sb-manager/runtime.js:12887
[   44917ms] [VERBOSE] Rendering was performed in a subtree hidden by content-visibility. @ http://localhost:6007/sb-manager/runtime.js:12887
[   54919ms] [VERBOSE] Rendering was performed in a subtree hidden by content-visibility. @ :3190
[   54920ms] [VERBOSE] Rendering was performed in a subtree hidden by content-visibility. @ :3190
[   54920ms] [VERBOSE] Rendering was performed in a subtree hidden by content-visibility. @ :3190
[   76919ms] [WARNING] The 'ariaLabel' prop on 'PopoverProvider' will become mandatory in Storybook 11. Provide a concise, accessible label describing the popover's purpose. @ http://localhost:6007/sb-manager/globals-runtime.js:5798
[   76984ms] [WARNING] The 'ariaLabel' prop on 'Button' will become mandatory in Storybook 11. Buttons with text content should set 'ariaLabel={false}' to indicate that they are accessible as-is. Buttons without text content must provide a meaningful 'ariaLabel' for accessibility. The button content is: Share. @ http://localhost:6007/sb-manager/globals-runtime.js:5798
[   77066ms] [VERBOSE] Rendering was performed in a subtree hidden by content-visibility. @ http://localhost:6007/sb-manager/runtime.js:12887
[   77067ms] [VERBOSE] Rendering was performed in a subtree hidden by content-visibility. @ http://localhost:6007/sb-manager/runtime.js:12887
[   77136ms] [VERBOSE] Rendering was performed in a subtree hidden by content-visibility. @ http://localhost:6007/sb-manager/runtime.js:12887
[   77136ms] [VERBOSE] Rendering was performed in a subtree hidden by content-visibility. @ http://localhost:6007/sb-manager/runtime.js:12887
[   77451ms] [VERBOSE] Rendering was performed in a subtree hidden by content-visibility. @ http://localhost:6007/sb-manager/runtime.js:12887
[   77451ms] [VERBOSE] Rendering was performed in a subtree hidden by content-visibility. @ http://localhost:6007/sb-manager/runtime.js:12887
[   77600ms] Identifier 'RefreshRuntime' has already been declared
[   77991ms] [VERBOSE] Rendering was performed in a subtree hidden by content-visibility. @ http://localhost:6007/sb-manager/runtime.js:12887
[   77991ms] [VERBOSE] Rendering was performed in a subtree hidden by content-visibility. @ http://localhost:6007/sb-manager/runtime.js:12887
[   77992ms] [VERBOSE] Rendering was performed in a subtree hidden by content-visibility. @ http://localhost:6007/sb-manager/runtime.js:12887
[   77992ms] [VERBOSE] Rendering was performed in a subtree hidden by content-visibility. @ http://localhost:6007/sb-manager/runtime.js:12887
[   78004ms] [VERBOSE] Rendering was performed in a subtree hidden by content-visibility. @ http://localhost:6007/sb-manager/runtime.js:12887
[   78004ms] [VERBOSE] Rendering was performed in a subtree hidden by content-visibility. @ http://localhost:6007/sb-manager/runtime.js:12887
[   78505ms] [VERBOSE] Rendering was performed in a subtree hidden by content-visibility. @ http://localhost:6007/sb-manager/runtime.js:12887
[   78505ms] [VERBOSE] Rendering was performed in a subtree hidden by content-visibility. @ http://localhost:6007/sb-manager/runtime.js:12887
[   79507ms] [VERBOSE] Rendering was performed in a subtree hidden by content-visibility. @ http://localhost:6007/sb-manager/runtime.js:12887
[   79507ms] [VERBOSE] Rendering was performed in a subtree hidden by content-visibility. @ http://localhost:6007/sb-manager/runtime.js:12887
